<?xml version="1.0" encoding="UTF-8"?>
<coverage generated="1599542958343" clover="3.2.0">
  <project timestamp="1599542958343" name="All files">
    <metrics statements="12" coveredstatements="1" conditionals="6" coveredconditionals="0" methods="4" coveredmethods="0" elements="22" coveredelements="1" complexity="0" loc="12" ncloc="12" packages="1" files="1" classes="1"/>
    <file name="utils.js" path="C:\Users\Prasenjeet Symon\Desktop\lib\prasenjeet-symon\indexed-pdb\src\tests\utils.js">
      <metrics statements="12" coveredstatements="1" conditionals="6" coveredconditionals="0" methods="4" coveredmethods="0"/>
      <line num="2" count="0" type="stmt"/>
      <line num="6" count="0" type="stmt"/>
      <line num="7" count="0" type="stmt"/>
      <line num="8" count="0" type="cond" truecount="0" falsecount="2"/>
      <line num="9" count="0" type="cond" truecount="0" falsecount="2"/>
      <line num="12" count="0" type="stmt"/>
      <line num="13" count="0" type="cond" truecount="0" falsecount="2"/>
      <line num="14" count="0" type="stmt"/>
      <line num="16" count="0" type="stmt"/>
      <line num="19" count="0" type="stmt"/>
      <line num="22" count="0" type="stmt"/>
      <line num="28" count="1" type="stmt"/>
    </file>
  </project>
</coverage>
