{"C:\\Users\\Prasenjeet Symon\\Desktop\\lib\\prasenjeet-symon\\indexed-pdb\\src\\tests\\utils.js": {"path":"C:\\Users\\Prasenjeet Symon\\Desktop\\lib\\prasenjeet-symon\\indexed-pdb\\src\\tests\\utils.js","statementMap":{"0":{"start":{"line":2,"column":4},"end":{"line":2,"column":40}},"1":{"start":{"line":6,"column":4},"end":{"line":25,"column":6}},"2":{"start":{"line":7,"column":8},"end":{"line":24,"column":10}},"3":{"start":{"line":8,"column":12},"end":{"line":23,"column":13}},"4":{"start":{"line":9,"column":16},"end":{"line":20,"column":17}},"5":{"start":{"line":12,"column":49},"end":{"line":12,"column":128}},"6":{"start":{"line":13,"column":20},"end":{"line":17,"column":21}},"7":{"start":{"line":14,"column":24},"end":{"line":14,"column":42}},"8":{"start":{"line":16,"column":24},"end":{"line":16,"column":66}},"9":{"start":{"line":19,"column":20},"end":{"line":19,"column":82}},"10":{"start":{"line":22,"column":16},"end":{"line":22,"column":62}},"11":{"start":{"line":30,"column":21},"end":{"line":30,"column":56}},"12":{"start":{"line":31,"column":16},"end":{"line":31,"column":61}},"13":{"start":{"line":32,"column":30},"end":{"line":32,"column":57}},"14":{"start":{"line":33,"column":32},"end":{"line":33,"column":65}},"15":{"start":{"line":34,"column":4},"end":{"line":38,"column":5}},"16":{"start":{"line":35,"column":8},"end":{"line":35,"column":34}},"17":{"start":{"line":37,"column":8},"end":{"line":37,"column":20}},"18":{"start":{"line":43,"column":21},"end":{"line":43,"column":56}},"19":{"start":{"line":44,"column":16},"end":{"line":44,"column":61}},"20":{"start":{"line":45,"column":30},"end":{"line":45,"column":57}},"21":{"start":{"line":46,"column":21},"end":{"line":46,"column":62}},"22":{"start":{"line":47,"column":4},"end":{"line":51,"column":5}},"23":{"start":{"line":48,"column":8},"end":{"line":48,"column":23}},"24":{"start":{"line":50,"column":8},"end":{"line":50,"column":19}},"25":{"start":{"line":55,"column":21},"end":{"line":55,"column":56}},"26":{"start":{"line":56,"column":16},"end":{"line":56,"column":61}},"27":{"start":{"line":57,"column":30},"end":{"line":57,"column":57}},"28":{"start":{"line":58,"column":36},"end":{"line":58,"column":69}},"29":{"start":{"line":59,"column":4},"end":{"line":63,"column":5}},"30":{"start":{"line":60,"column":8},"end":{"line":60,"column":38}},"31":{"start":{"line":62,"column":8},"end":{"line":62,"column":19}},"32":{"start":{"line":68,"column":21},"end":{"line":68,"column":56}},"33":{"start":{"line":69,"column":16},"end":{"line":69,"column":61}},"34":{"start":{"line":70,"column":30},"end":{"line":70,"column":57}},"35":{"start":{"line":71,"column":21},"end":{"line":71,"column":53}},"36":{"start":{"line":72,"column":4},"end":{"line":72,"column":19}},"37":{"start":{"line":77,"column":21},"end":{"line":77,"column":56}},"38":{"start":{"line":78,"column":16},"end":{"line":78,"column":61}},"39":{"start":{"line":79,"column":30},"end":{"line":79,"column":57}},"40":{"start":{"line":80,"column":26},"end":{"line":80,"column":69}},"41":{"start":{"line":81,"column":4},"end":{"line":81,"column":24}},"42":{"start":{"line":85,"column":21},"end":{"line":85,"column":56}},"43":{"start":{"line":86,"column":16},"end":{"line":86,"column":61}},"44":{"start":{"line":87,"column":30},"end":{"line":87,"column":57}},"45":{"start":{"line":88,"column":25},"end":{"line":88,"column":61}},"46":{"start":{"line":89,"column":4},"end":{"line":89,"column":23}},"47":{"start":{"line":93,"column":21},"end":{"line":93,"column":56}},"48":{"start":{"line":94,"column":16},"end":{"line":94,"column":61}},"49":{"start":{"line":95,"column":30},"end":{"line":95,"column":57}},"50":{"start":{"line":96,"column":21},"end":{"line":96,"column":23}},"51":{"start":{"line":97,"column":4},"end":{"line":104,"column":6}},"52":{"start":{"line":98,"column":8},"end":{"line":101,"column":9}},"53":{"start":{"line":99,"column":12},"end":{"line":99,"column":38}},"54":{"start":{"line":100,"column":12},"end":{"line":100,"column":18}},"55":{"start":{"line":102,"column":8},"end":{"line":102,"column":35}},"56":{"start":{"line":103,"column":8},"end":{"line":103,"column":47}},"57":{"start":{"line":106,"column":4},"end":{"line":106,"column":19}},"58":{"start":{"line":110,"column":0},"end":{"line":120,"column":1}}},"fnMap":{"0":{"name":"connect_to_database","decl":{"start":{"line":1,"column":15},"end":{"line":1,"column":34}},"loc":{"start":{"line":1,"column":50},"end":{"line":3,"column":1}},"line":1},"1":{"name":"create_new_table","decl":{"start":{"line":5,"column":9},"end":{"line":5,"column":25}},"loc":{"start":{"line":5,"column":53},"end":{"line":26,"column":1}},"line":5},"2":{"name":"(anonymous_2)","decl":{"start":{"line":6,"column":23},"end":{"line":6,"column":24}},"loc":{"start":{"line":6,"column":44},"end":{"line":25,"column":5}},"line":6},"3":{"name":"(anonymous_3)","decl":{"start":{"line":7,"column":38},"end":{"line":7,"column":39}},"loc":{"start":{"line":7,"column":59},"end":{"line":24,"column":9}},"line":7},"4":{"name":"add_new_single_row_to_table","decl":{"start":{"line":29,"column":15},"end":{"line":29,"column":42}},"loc":{"start":{"line":29,"column":76},"end":{"line":39,"column":1}},"line":29},"5":{"name":"read_single_row_from_table","decl":{"start":{"line":42,"column":15},"end":{"line":42,"column":41}},"loc":{"start":{"line":42,"column":82},"end":{"line":52,"column":1}},"line":42},"6":{"name":"update_single_row_to_table","decl":{"start":{"line":54,"column":15},"end":{"line":54,"column":41}},"loc":{"start":{"line":54,"column":75},"end":{"line":64,"column":1}},"line":54},"7":{"name":"get_all_rows_from_the_table","decl":{"start":{"line":67,"column":15},"end":{"line":67,"column":42}},"loc":{"start":{"line":67,"column":70},"end":{"line":73,"column":1}},"line":67},"8":{"name":"delete_single_row_from_table","decl":{"start":{"line":76,"column":15},"end":{"line":76,"column":43}},"loc":{"start":{"line":76,"column":84},"end":{"line":82,"column":1}},"line":76},"9":{"name":"add_multiple_rows_at_time","decl":{"start":{"line":84,"column":15},"end":{"line":84,"column":40}},"loc":{"start":{"line":84,"column":74},"end":{"line":90,"column":1}},"line":84},"10":{"name":"fetch_all_rows_using_cursor","decl":{"start":{"line":92,"column":15},"end":{"line":92,"column":42}},"loc":{"start":{"line":92,"column":70},"end":{"line":107,"column":1}},"line":92},"11":{"name":"get_item","decl":{"start":{"line":97,"column":55},"end":{"line":97,"column":63}},"loc":{"start":{"line":97,"column":71},"end":{"line":104,"column":5}},"line":97}},"branchMap":{"0":{"loc":{"start":{"line":8,"column":12},"end":{"line":23,"column":13}},"type":"if","locations":[{"start":{"line":8,"column":12},"end":{"line":23,"column":13}},{"start":{"line":8,"column":12},"end":{"line":23,"column":13}}],"line":8},"1":{"loc":{"start":{"line":9,"column":16},"end":{"line":20,"column":17}},"type":"if","locations":[{"start":{"line":9,"column":16},"end":{"line":20,"column":17}},{"start":{"line":9,"column":16},"end":{"line":20,"column":17}}],"line":9},"2":{"loc":{"start":{"line":13,"column":20},"end":{"line":17,"column":21}},"type":"if","locations":[{"start":{"line":13,"column":20},"end":{"line":17,"column":21}},{"start":{"line":13,"column":20},"end":{"line":17,"column":21}}],"line":13},"3":{"loc":{"start":{"line":34,"column":4},"end":{"line":38,"column":5}},"type":"if","locations":[{"start":{"line":34,"column":4},"end":{"line":38,"column":5}},{"start":{"line":34,"column":4},"end":{"line":38,"column":5}}],"line":34},"4":{"loc":{"start":{"line":47,"column":4},"end":{"line":51,"column":5}},"type":"if","locations":[{"start":{"line":47,"column":4},"end":{"line":51,"column":5}},{"start":{"line":47,"column":4},"end":{"line":51,"column":5}}],"line":47},"5":{"loc":{"start":{"line":59,"column":4},"end":{"line":63,"column":5}},"type":"if","locations":[{"start":{"line":59,"column":4},"end":{"line":63,"column":5}},{"start":{"line":59,"column":4},"end":{"line":63,"column":5}}],"line":59},"6":{"loc":{"start":{"line":98,"column":8},"end":{"line":101,"column":9}},"type":"if","locations":[{"start":{"line":98,"column":8},"end":{"line":101,"column":9}},{"start":{"line":98,"column":8},"end":{"line":101,"column":9}}],"line":98}},"s":{"0":0,"1":0,"2":0,"3":0,"4":0,"5":0,"6":0,"7":0,"8":0,"9":0,"10":0,"11":0,"12":0,"13":0,"14":0,"15":0,"16":0,"17":0,"18":0,"19":0,"20":0,"21":0,"22":0,"23":0,"24":0,"25":0,"26":0,"27":0,"28":0,"29":0,"30":0,"31":0,"32":0,"33":0,"34":0,"35":0,"36":0,"37":0,"38":0,"39":0,"40":0,"41":0,"42":0,"43":0,"44":0,"45":0,"46":0,"47":0,"48":0,"49":0,"50":0,"51":0,"52":0,"53":0,"54":0,"55":0,"56":0,"57":0,"58":1},"f":{"0":0,"1":0,"2":0,"3":0,"4":0,"5":0,"6":0,"7":0,"8":0,"9":0,"10":0,"11":0},"b":{"0":[0,0],"1":[0,0],"2":[0,0],"3":[0,0],"4":[0,0],"5":[0,0],"6":[0,0]},"inputSourceMap":null,"_coverageSchema":"1a1c01bbd47fc00a2c39e90264f33305004495a9","hash":"186dd79bb229d0b1a0838f049246377be30768c7"}
}
