{"C:\\Users\\Prasenjeet Symon\\Desktop\\lib\\prasenjeet-symon\\indexed-pdb\\src\\tests\\utils.js": {"path":"C:\\Users\\Prasenjeet Symon\\Desktop\\lib\\prasenjeet-symon\\indexed-pdb\\src\\tests\\utils.js","statementMap":{"0":{"start":{"line":2,"column":4},"end":{"line":2,"column":40}},"1":{"start":{"line":6,"column":4},"end":{"line":25,"column":6}},"2":{"start":{"line":7,"column":8},"end":{"line":24,"column":10}},"3":{"start":{"line":8,"column":12},"end":{"line":23,"column":13}},"4":{"start":{"line":9,"column":16},"end":{"line":20,"column":17}},"5":{"start":{"line":12,"column":49},"end":{"line":12,"column":128}},"6":{"start":{"line":13,"column":20},"end":{"line":17,"column":21}},"7":{"start":{"line":14,"column":24},"end":{"line":14,"column":42}},"8":{"start":{"line":16,"column":24},"end":{"line":16,"column":66}},"9":{"start":{"line":19,"column":20},"end":{"line":19,"column":82}},"10":{"start":{"line":22,"column":16},"end":{"line":22,"column":62}},"11":{"start":{"line":28,"column":0},"end":{"line":31,"column":1}}},"fnMap":{"0":{"name":"connect_to_database","decl":{"start":{"line":1,"column":15},"end":{"line":1,"column":34}},"loc":{"start":{"line":1,"column":50},"end":{"line":3,"column":1}},"line":1},"1":{"name":"create_new_table","decl":{"start":{"line":5,"column":9},"end":{"line":5,"column":25}},"loc":{"start":{"line":5,"column":53},"end":{"line":26,"column":1}},"line":5},"2":{"name":"(anonymous_2)","decl":{"start":{"line":6,"column":23},"end":{"line":6,"column":24}},"loc":{"start":{"line":6,"column":44},"end":{"line":25,"column":5}},"line":6},"3":{"name":"(anonymous_3)","decl":{"start":{"line":7,"column":38},"end":{"line":7,"column":39}},"loc":{"start":{"line":7,"column":59},"end":{"line":24,"column":9}},"line":7}},"branchMap":{"0":{"loc":{"start":{"line":8,"column":12},"end":{"line":23,"column":13}},"type":"if","locations":[{"start":{"line":8,"column":12},"end":{"line":23,"column":13}},{"start":{"line":8,"column":12},"end":{"line":23,"column":13}}],"line":8},"1":{"loc":{"start":{"line":9,"column":16},"end":{"line":20,"column":17}},"type":"if","locations":[{"start":{"line":9,"column":16},"end":{"line":20,"column":17}},{"start":{"line":9,"column":16},"end":{"line":20,"column":17}}],"line":9},"2":{"loc":{"start":{"line":13,"column":20},"end":{"line":17,"column":21}},"type":"if","locations":[{"start":{"line":13,"column":20},"end":{"line":17,"column":21}},{"start":{"line":13,"column":20},"end":{"line":17,"column":21}}],"line":13}},"s":{"0":0,"1":0,"2":0,"3":0,"4":0,"5":0,"6":0,"7":0,"8":0,"9":0,"10":0,"11":1},"f":{"0":0,"1":0,"2":0,"3":0},"b":{"0":[0,0],"1":[0,0],"2":[0,0]},"inputSourceMap":null,"_coverageSchema":"1a1c01bbd47fc00a2c39e90264f33305004495a9","hash":"259fdf8ab7e5ae4d38358d97b3156a7fca5a1c64"}
}
