TN:
SF:src\tests\utils.js
FN:1,connect_to_database
FN:5,create_new_table
FN:6,(anonymous_2)
FN:7,(anonymous_3)
FN:29,add_new_single_row_to_table
FN:42,read_single_row_from_table
FN:54,update_single_row_to_table
FNF:7
FNH:0
FNDA:0,connect_to_database
FNDA:0,create_new_table
FNDA:0,(anonymous_2)
FNDA:0,(anonymous_3)
FNDA:0,add_new_single_row_to_table
FNDA:0,read_single_row_from_table
FNDA:0,update_single_row_to_table
DA:2,0
DA:6,0
DA:7,0
DA:8,0
DA:9,0
DA:12,0
DA:13,0
DA:14,0
DA:16,0
DA:19,0
DA:22,0
DA:30,0
DA:31,0
DA:32,0
DA:33,0
DA:34,0
DA:35,0
DA:37,0
DA:43,0
DA:44,0
DA:45,0
DA:46,0
DA:47,0
DA:48,0
DA:50,0
DA:55,0
DA:56,0
DA:57,0
DA:58,0
DA:59,0
DA:60,0
DA:62,0
DA:67,1
LF:33
LH:1
BRDA:8,0,0,0
BRDA:8,0,1,0
BRDA:9,1,0,0
BRDA:9,1,1,0
BRDA:13,2,0,0
BRDA:13,2,1,0
BRDA:34,3,0,0
BRDA:34,3,1,0
BRDA:47,4,0,0
BRDA:47,4,1,0
BRDA:59,5,0,0
BRDA:59,5,1,0
BRF:12
BRH:0
end_of_record
