TN:
SF:src\tests\utils.js
FN:1,connect_to_database
FN:6,create_new_table
FN:7,(anonymous_2)
FN:8,(anonymous_3)
FN:30,add_new_single_row_to_table
FN:43,read_single_row_from_table
FN:55,update_single_row_to_table
FN:68,get_all_rows_from_the_table
FN:77,delete_single_row_from_table
FN:85,add_multiple_rows_at_time
FN:93,fetch_all_rows_using_cursor
FN:98,get_item
FNF:12
FNH:0
FNDA:0,connect_to_database
FNDA:0,create_new_table
FNDA:0,(anonymous_2)
FNDA:0,(anonymous_3)
FNDA:0,add_new_single_row_to_table
FNDA:0,read_single_row_from_table
FNDA:0,update_single_row_to_table
FNDA:0,get_all_rows_from_the_table
FNDA:0,delete_single_row_from_table
FNDA:0,add_multiple_rows_at_time
FNDA:0,fetch_all_rows_using_cursor
FNDA:0,get_item
DA:2,0
DA:7,0
DA:8,0
DA:9,0
DA:10,0
DA:13,0
DA:14,0
DA:15,0
DA:17,0
DA:20,0
DA:23,0
DA:31,0
DA:32,0
DA:33,0
DA:34,0
DA:35,0
DA:36,0
DA:38,0
DA:44,0
DA:45,0
DA:46,0
DA:47,0
DA:48,0
DA:49,0
DA:51,0
DA:56,0
DA:57,0
DA:58,0
DA:59,0
DA:60,0
DA:61,0
DA:63,0
DA:69,0
DA:70,0
DA:71,0
DA:72,0
DA:73,0
DA:78,0
DA:79,0
DA:80,0
DA:81,0
DA:82,0
DA:86,0
DA:87,0
DA:88,0
DA:89,0
DA:90,0
DA:94,0
DA:95,0
DA:96,0
DA:97,0
DA:98,0
DA:99,0
DA:101,0
DA:103,0
DA:104,0
DA:107,0
DA:111,1
LF:58
LH:1
BRDA:9,0,0,0
BRDA:9,0,1,0
BRDA:10,1,0,0
BRDA:10,1,1,0
BRDA:14,2,0,0
BRDA:14,2,1,0
BRDA:35,3,0,0
BRDA:35,3,1,0
BRDA:48,4,0,0
BRDA:48,4,1,0
BRDA:60,5,0,0
BRDA:60,5,1,0
BRDA:99,6,0,0
BRDA:99,6,1,0
BRF:14
BRH:0
end_of_record
